<?xml version="1.0" encoding="UTF-8"?>
<!-- Generated by org.testng.reporters.JUnitReportReporter -->
<testsuite skipped="0" hostname="DESKTOP-5U4E5L3" name="RahulShettyAcademy.Tests.SubmitOrderTest" tests="3" failures="0" timestamp="04 Mar 2024 11:58:05 GMT" time="47.875" errors="0">
  <testcase name="submitOrder" time="22.904" classname="RahulShettyAcademy.Tests.SubmitOrderTest"/>
  <testcase name="orderHistory" time="11.077" classname="RahulShettyAcademy.Tests.SubmitOrderTest"/>
  <testcase name="submitOrder" time="13.894" classname="RahulShettyAcademy.Tests.SubmitOrderTest"/>
</testsuite> <!-- RahulShettyAcademy.Tests.SubmitOrderTest -->
