<?xml version="1.0" encoding="UTF-8"?>
<!-- Generated by org.testng.reporters.JUnitReportReporter -->
<testsuite hostname="DESKTOP-5U4E5L3" failures="0" tests="1" name="RahulShettyAcademy.Tests.ErrorValidationTest" time="12.795" errors="0" timestamp="2024-03-23T23:37:34 IST" skipped="0">
  <testcase classname="RahulShettyAcademy.Tests.ErrorValidationTest" name="LogInErrorValidation" time="12.795"/>
  <system-out/>
</testsuite> <!-- RahulShettyAcademy.Tests.ErrorValidationTest -->
