<?xml version="1.0" encoding="UTF-8"?>
<!-- Generated by org.testng.reporters.JUnitReportReporter -->
<testsuite hostname="DESKTOP-QVBQ5J6" failures="0" tests="3" name="RahulShettyAcademy.Tests.SubmitOrderTest" time="38.011" errors="0" timestamp="2025-02-23T22:22:04 IST" skipped="0">
  <testcase classname="RahulShettyAcademy.Tests.SubmitOrderTest" name="orderHistory" time="8.077"/>
  <system-out/>
  <testcase classname="RahulShettyAcademy.Tests.SubmitOrderTest" name="submitOrder" time="18.336"/>
  <system-out/>
  <testcase classname="RahulShettyAcademy.Tests.SubmitOrderTest" name="submitOrder" time="11.598"/>
  <system-out/>
</testsuite> <!-- RahulShettyAcademy.Tests.SubmitOrderTest -->
