<?xml version="1.0" encoding="UTF-8"?>
<!-- Generated by org.testng.reporters.JUnitReportReporter -->
<testsuite hostname="DESKTOP-5U4E5L3" failures="0" tests="3" name="RahulShettyAcademy.Tests.SubmitOrderTest" time="74.123" errors="0" timestamp="2024-06-09T02:49:04 IST" skipped="0">
  <testcase classname="RahulShettyAcademy.Tests.SubmitOrderTest" name="submitOrder" time="17.099"/>
  <system-out/>
  <testcase classname="RahulShettyAcademy.Tests.SubmitOrderTest" name="orderHistory" time="37.131"/>
  <system-out/>
  <testcase classname="RahulShettyAcademy.Tests.SubmitOrderTest" name="submitOrder" time="19.893"/>
  <system-out/>
</testsuite> <!-- RahulShettyAcademy.Tests.SubmitOrderTest -->
