<?xml version="1.0" encoding="UTF-8"?>
<!-- Generated by org.testng.reporters.JUnitReportReporter -->
<testsuite hostname="DESKTOP-5U4E5L3" failures="0" tests="3" name="RahulShettyAcademy.Tests.SubmitOrderTest" time="49.767" errors="0" timestamp="2024-07-07T01:31:17 IST" skipped="0">
  <testcase classname="RahulShettyAcademy.Tests.SubmitOrderTest" name="submitOrder" time="17.804"/>
  <system-out/>
  <testcase classname="RahulShettyAcademy.Tests.SubmitOrderTest" name="submitOrder" time="20.414"/>
  <system-out/>
  <testcase classname="RahulShettyAcademy.Tests.SubmitOrderTest" name="orderHistory" time="11.549"/>
  <system-out/>
</testsuite> <!-- RahulShettyAcademy.Tests.SubmitOrderTest -->
