<?xml version="1.0" encoding="UTF-8"?>
<!-- Generated by org.testng.reporters.JUnitReportReporter -->
<testsuite skipped="0" hostname="DESKTOP-5U4E5L3" name="RahulShettyAcademy.Tests.ErrorValidationTest" tests="1" failures="0" timestamp="03 Mar 2024 12:44:28 GMT" time="12.004" errors="0">
  <testcase name="LogInErrorValidation" time="12.004" classname="RahulShettyAcademy.Tests.ErrorValidationTest"/>
</testsuite> <!-- RahulShettyAcademy.Tests.ErrorValidationTest -->
