<?xml version="1.0" encoding="UTF-8"?>
<!-- Generated by org.testng.reporters.JUnitReportReporter -->
<testsuite skipped="0" hostname="DESKTOP-5U4E5L3" name="RahulShettyAcademy.Tests.SubmitOrderTest" tests="2" failures="0" timestamp="03 Mar 2024 11:45:42 GMT" time="35.298" errors="0">
  <testcase name="orderHistory" time="14.514" classname="RahulShettyAcademy.Tests.SubmitOrderTest"/>
  <testcase name="submitOrder" time="20.784" classname="RahulShettyAcademy.Tests.SubmitOrderTest"/>
</testsuite> <!-- RahulShettyAcademy.Tests.SubmitOrderTest -->
