<?xml version="1.0" encoding="UTF-8"?>
<!-- Generated by org.testng.reporters.JUnitReportReporter -->
<testsuite hostname="DESKTOP-5U4E5L3" failures="0" tests="3" name="RahulShettyAcademy.Tests.SubmitOrderTest" time="58.655" errors="0" timestamp="2024-03-31T10:39:12 IST" skipped="0">
  <testcase classname="RahulShettyAcademy.Tests.SubmitOrderTest" name="submitOrder" time="21.593"/>
  <system-out/>
  <testcase classname="RahulShettyAcademy.Tests.SubmitOrderTest" name="submitOrder" time="18.993"/>
  <system-out/>
  <testcase classname="RahulShettyAcademy.Tests.SubmitOrderTest" name="orderHistory" time="18.069"/>
  <system-out/>
</testsuite> <!-- RahulShettyAcademy.Tests.SubmitOrderTest -->
