<?xml version="1.0" encoding="UTF-8"?>
<!-- Generated by org.testng.reporters.JUnitReportReporter -->
<testsuite skipped="0" hostname="DESKTOP-5U4E5L3" name="RahulShettyAcademy.Tests.SubmitOrderTest" tests="1" failures="0" timestamp="01 Mar 2024 04:44:50 GMT" time="19.602" errors="0">
  <testcase name="submitOrder" time="19.602" classname="RahulShettyAcademy.Tests.SubmitOrderTest"/>
</testsuite> <!-- RahulShettyAcademy.Tests.SubmitOrderTest -->
