<?xml version="1.0" encoding="UTF-8"?>
<!-- Generated by org.testng.reporters.JUnitReportReporter -->
<testsuite skipped="0" hostname="DESKTOP-5U4E5L3" name="RahulShettyAcademy.Tests.SubmitOrderTest" tests="2" failures="0" timestamp="17 Mar 2024 15:39:50 GMT" time="33.805" errors="0">
  <testcase name="submitOrder" time="18.332" classname="RahulShettyAcademy.Tests.SubmitOrderTest"/>
  <testcase name="submitOrder" time="15.473" classname="RahulShettyAcademy.Tests.SubmitOrderTest"/>
</testsuite> <!-- RahulShettyAcademy.Tests.SubmitOrderTest -->
